2025-08-25 16:30:06 - naver_blog_automation - INFO - 네이버 블로그 자동화 프로그램 시작
2025-08-25 16:30:07 - naver_blog_automation - INFO - 1단계 설정을 불러왔습니다.
2025-08-25 16:37:19 - naver_blog_automation - INFO - 네이버 블로그 자동화 프로그램 시작
2025-08-25 16:37:19 - naver_blog_automation - INFO - 1단계 설정을 불러왔습니다.
2025-08-25 16:37:32 - naver_blog_automation - INFO - 설정을 불러왔습니다.
2025-08-25 16:38:42 - naver_blog_automation - INFO - 네이버 블로그 자동화 프로그램 시작
2025-08-25 16:38:42 - naver_blog_automation - INFO - 1단계 설정을 불러왔습니다.
2025-08-25 16:38:48 - naver_blog_automation - INFO - 설정을 불러왔습니다.
2025-08-25 16:39:01 - naver_blog_automation - INFO - 1단계 설정을 불러왔습니다.
2025-08-25 16:39:05 - naver_blog_automation - INFO - 네이버 블로그 자동화 프로그램 시작
2025-08-25 16:39:05 - naver_blog_automation - INFO - 1단계 설정을 불러왔습니다.
2025-08-25 16:39:06 - naver_blog_automation - INFO - 네이버 블로그 자동화 프로그램 시작
2025-08-25 16:39:07 - naver_blog_automation - INFO - 1단계 설정을 불러왔습니다.
2025-08-25 16:39:11 - naver_blog_automation - INFO - 설정을 불러왔습니다.
2025-08-25 16:40:32 - naver_blog_automation - INFO - 1단계 설정을 불러왔습니다.
2025-08-25 16:41:40 - naver_blog_automation - INFO - 설정을 불러왔습니다.
2025-08-25 16:41:45 - naver_blog_automation - INFO - 설정 저장 실패: 'MainWindow' object has no attribute 'neighbor_message_text'
2025-08-25 16:41:47 - naver_blog_automation - INFO - 자동화를 시작합니다...
2025-08-25 16:41:59 - naver_blog_automation - INFO - 1단계 설정을 불러왔습니다.
2025-08-25 16:46:01 - naver_blog_automation - INFO - 네이버 블로그 자동화 프로그램 시작
2025-08-25 16:46:01 - naver_blog_automation - ERROR - 프로그램 실행 중 오류 발생: 'MainWindow' object has no attribute 'setup_styles'
2025-08-25 16:46:17 - naver_blog_automation - ERROR - 프로그램 실행 중 오류 발생: [Errno 32] Broken pipe
2025-08-25 16:46:30 - naver_blog_automation - INFO - 네이버 블로그 자동화 프로그램 시작
2025-08-25 16:46:30 - naver_blog_automation - ERROR - 프로그램 실행 중 오류 발생: 'MainWindow' object has no attribute 'setup_styles'
2025-08-25 16:47:21 - naver_blog_automation - INFO - 네이버 블로그 자동화 프로그램 시작
2025-08-25 16:47:21 - naver_blog_automation - ERROR - 프로그램 실행 중 오류 발생: 'MainWindow' object has no attribute 'setup_styles'
2025-08-25 16:47:48 - naver_blog_automation - INFO - 네이버 블로그 자동화 프로그램 시작
2025-08-25 16:47:48 - naver_blog_automation - INFO - 1단계 설정을 불러왔습니다.
2025-08-25 16:47:58 - naver_blog_automation - INFO - 설정을 불러왔습니다.
2025-08-25 16:53:14 - naver_blog_automation - INFO - 네이버 블로그 자동화 프로그램 시작
2025-08-25 16:53:15 - naver_blog_automation - INFO - 1단계 설정을 불러왔습니다.
2025-08-25 16:53:21 - naver_blog_automation - INFO - 설정을 불러왔습니다.
2025-08-25 16:53:39 - naver_blog_automation - INFO - 1단계 설정을 불러왔습니다.
2025-08-25 16:53:52 - naver_blog_automation - INFO - 설정을 불러왔습니다.
2025-08-25 16:54:52 - naver_blog_automation - INFO - 네이버 블로그 자동화 프로그램 시작
2025-08-25 16:55:58 - naver_blog_automation - INFO - 네이버 블로그 자동화 프로그램 시작
2025-08-25 16:56:36 - naver_blog_automation - INFO - 네이버 블로그 자동화 프로그램 시작
2025-08-25 17:03:58 - naver_blog_automation - INFO - 네이버 블로그 자동화 프로그램 시작
2025-08-25 17:04:04 - naver_blog_automation - INFO - 네이버 블로그 자동화 프로그램 시작
2025-08-25 17:38:21 - naver_blog_automation - INFO - 네이버 블로그 자동화 프로그램 시작
2025-08-25 17:41:44 - naver_blog_automation - INFO - 네이버 블로그 자동화 프로그램 시작
2025-08-25 17:44:02 - naver_blog_automation - INFO - 네이버 블로그 자동화 프로그램 시작
2025-08-25 17:49:10 - naver_blog_automation - INFO - 네이버 블로그 자동화 프로그램 시작
2025-08-25 17:49:50 - naver_blog_automation - INFO - 네이버 블로그 자동화 프로그램 시작
2025-08-25 17:51:37 - naver_blog_automation - INFO - 네이버 블로그 자동화 프로그램 시작
2025-08-25 17:53:29 - naver_blog_automation - INFO - 네이버 블로그 자동화 프로그램 시작
2025-08-25 17:56:53 - naver_blog_automation - INFO - 네이버 블로그 자동화 프로그램 시작
2025-08-25 18:01:04 - naver_blog_automation - INFO - 네이버 블로그 자동화 프로그램 시작
2025-08-25 18:07:50 - naver_blog_automation - INFO - 네이버 블로그 자동화 프로그램 시작
2025-08-25 18:20:05 - naver_blog_automation - INFO - 네이버 블로그 자동화 프로그램 시작
2025-08-25 18:36:10 - naver_blog_automation - INFO - 네이버 블로그 자동화 프로그램 시작
2025-08-25 19:01:50 - naver_blog_automation - INFO - 네이버 블로그 자동화 프로그램 시작
2025-08-25 19:03:35 - naver_blog_automation - INFO - 네이버 블로그 자동화 프로그램 시작
2025-08-25 19:05:19 - naver_blog_automation - INFO - 네이버 블로그 자동화 프로그램 시작
2025-08-25 19:09:30 - naver_blog_automation - INFO - 네이버 블로그 자동화 프로그램 시작
2025-08-25 22:11:14 - naver_blog_automation - INFO - 네이버 블로그 자동화 프로그램 시작
2025-08-25 22:18:07 - naver_blog_automation - INFO - 네이버 블로그 자동화 프로그램 시작
2025-08-25 22:20:06 - naver_blog_automation - INFO - 네이버 블로그 자동화 프로그램 시작
2025-08-25 22:21:17 - naver_blog_automation - INFO - 네이버 블로그 자동화 프로그램 시작
2025-08-25 22:21:28 - naver_blog_automation - ERROR - 드라이버 설정 실패: [Errno 8] Exec format error: '/Users/noah/.wdm/drivers/chromedriver/mac64/139.0.7258.138/chromedriver-mac-arm64/THIRD_PARTY_NOTICES.chromedriver'
2025-08-25 22:21:40 - naver_blog_automation - ERROR - 드라이버 설정 실패: [Errno 8] Exec format error: '/Users/noah/.wdm/drivers/chromedriver/mac64/139.0.7258.138/chromedriver-mac-arm64/THIRD_PARTY_NOTICES.chromedriver'
2025-08-25 22:23:19 - naver_blog_automation - INFO - 네이버 블로그 자동화 프로그램 시작
2025-08-25 22:23:33 - naver_blog_automation - INFO - Chrome 드라이버가 성공적으로 설정되었습니다.
2025-08-25 22:23:33 - naver_blog_automation - INFO - 로그인 시도 1/2
2025-08-25 22:23:33 - naver_blog_automation - INFO - 클립보드를 이용한 로그인 시도...
2025-08-25 22:23:43 - naver_blog_automation - INFO - 로그인 버튼을 클릭했습니다.
2025-08-25 22:23:43 - naver_blog_automation - INFO - 로그인 결과를 확인하는 중...
2025-08-25 22:24:14 - naver_blog_automation - ERROR - 로그인 결과 확인 시간 초과
2025-08-25 22:24:14 - naver_blog_automation - WARNING - 로그인 시도 1 실패
2025-08-25 22:24:17 - naver_blog_automation - INFO - 로그인 시도 2/2
2025-08-25 22:24:17 - naver_blog_automation - INFO - 직접 타이핑을 통한 로그인 시도...
2025-08-25 22:24:28 - naver_blog_automation - INFO - 로그인 버튼을 클릭했습니다.
2025-08-25 22:24:28 - naver_blog_automation - INFO - 로그인 결과를 확인하는 중...
2025-08-25 22:24:44 - naver_blog_automation - ERROR - 로그인 결과 확인 실패: argument of type 'NoneType' is not iterable
2025-08-25 22:24:44 - naver_blog_automation - WARNING - 로그인 시도 2 실패
2025-08-25 22:24:44 - naver_blog_automation - ERROR - 모든 로그인 시도 실패
2025-08-25 22:24:47 - naver_blog_automation - INFO - Chrome 드라이버가 성공적으로 설정되었습니다.
2025-08-25 22:24:47 - naver_blog_automation - INFO - 로그인 시도 1/2
2025-08-25 22:24:47 - naver_blog_automation - INFO - 클립보드를 이용한 로그인 시도...
2025-08-25 22:24:53 - naver_blog_automation - ERROR - 클립보드 로그인 실패: Message: no such window: target window already closed
from unknown error: web view not found
  (Session info: chrome=139.0.7258.138)
Stacktrace:
0   chromedriver                        0x0000000103010c20 cxxbridge1$str$ptr + 2747652
1   chromedriver                        0x0000000103008b20 cxxbridge1$str$ptr + 2714628
2   chromedriver                        0x0000000102b510c8 cxxbridge1$string$len + 90536
3   chromedriver                        0x0000000102b2aea0 chromedriver + 143008
4   chromedriver                        0x0000000102bc06f4 cxxbridge1$string$len + 546772
5   chromedriver                        0x0000000102bd94fc cxxbridge1$string$len + 648668
6   chromedriver                        0x0000000102b8c934 cxxbridge1$string$len + 334356
7   chromedriver                        0x0000000102fd388c cxxbridge1$str$ptr + 2496880
8   chromedriver                        0x0000000102fd6ab8 cxxbridge1$str$ptr + 2509724
9   chromedriver                        0x0000000102fb4510 cxxbridge1$str$ptr + 2369012
10  chromedriver                        0x0000000102fd7360 cxxbridge1$str$ptr + 2511940
11  chromedriver                        0x0000000102fa5610 cxxbridge1$str$ptr + 2307828
12  chromedriver                        0x0000000102ff7230 cxxbridge1$str$ptr + 2642708
13  chromedriver                        0x0000000102ff73bc cxxbridge1$str$ptr + 2643104
14  chromedriver                        0x000000010300876c cxxbridge1$str$ptr + 2713680
15  libsystem_pthread.dylib             0x000000019b82f2e4 _pthread_start + 136
16  libsystem_pthread.dylib             0x000000019b82a0fc thread_start + 8

2025-08-25 22:24:53 - naver_blog_automation - INFO - 로그인 시도 2/2
2025-08-25 22:24:53 - naver_blog_automation - INFO - 직접 타이핑을 통한 로그인 시도...
2025-08-25 22:24:53 - naver_blog_automation - ERROR - 직접 타이핑 로그인 실패: Message: no such window: target window already closed
from unknown error: web view not found
  (Session info: chrome=139.0.7258.138)
Stacktrace:
0   chromedriver                        0x0000000103010c20 cxxbridge1$str$ptr + 2747652
1   chromedriver                        0x0000000103008b20 cxxbridge1$str$ptr + 2714628
2   chromedriver                        0x0000000102b510c8 cxxbridge1$string$len + 90536
3   chromedriver                        0x0000000102b2aea0 chromedriver + 143008
4   chromedriver                        0x0000000102bc06f4 cxxbridge1$string$len + 546772
5   chromedriver                        0x0000000102bd94fc cxxbridge1$string$len + 648668
6   chromedriver                        0x0000000102b8c934 cxxbridge1$string$len + 334356
7   chromedriver                        0x0000000102fd388c cxxbridge1$str$ptr + 2496880
8   chromedriver                        0x0000000102fd6ab8 cxxbridge1$str$ptr + 2509724
9   chromedriver                        0x0000000102fb4510 cxxbridge1$str$ptr + 2369012
10  chromedriver                        0x0000000102fd7360 cxxbridge1$str$ptr + 2511940
11  chromedriver                        0x0000000102fa5610 cxxbridge1$str$ptr + 2307828
12  chromedriver                        0x0000000102ff7230 cxxbridge1$str$ptr + 2642708
13  chromedriver                        0x0000000102ff73bc cxxbridge1$str$ptr + 2643104
14  chromedriver                        0x000000010300876c cxxbridge1$str$ptr + 2713680
15  libsystem_pthread.dylib             0x000000019b82f2e4 _pthread_start + 136
16  libsystem_pthread.dylib             0x000000019b82a0fc thread_start + 8

2025-08-25 22:24:53 - naver_blog_automation - ERROR - 모든 로그인 시도 실패
2025-08-25 22:25:00 - naver_blog_automation - INFO - 네이버 블로그 자동화 프로그램 시작
2025-08-25 22:25:12 - naver_blog_automation - INFO - Chrome 드라이버가 성공적으로 설정되었습니다.
2025-08-25 22:25:12 - naver_blog_automation - INFO - 로그인 시도 1/2
2025-08-25 22:25:12 - naver_blog_automation - INFO - 직접 타이핑을 통한 로그인 시도...
2025-08-25 22:25:24 - naver_blog_automation - INFO - 로그인 버튼을 클릭했습니다.
2025-08-25 22:25:24 - naver_blog_automation - INFO - 로그인 결과를 확인하는 중...
2025-08-25 22:25:54 - naver_blog_automation - ERROR - 로그인 결과 확인 시간 초과
2025-08-25 22:25:54 - naver_blog_automation - WARNING - 로그인 시도 1 실패
2025-08-25 22:25:59 - naver_blog_automation - INFO - 로그인 시도 2/2
2025-08-25 22:25:59 - naver_blog_automation - INFO - 직접 타이핑을 통한 로그인 시도...
2025-08-25 22:26:02 - naver_blog_automation - ERROR - 직접 타이핑 로그인 실패: Message: no such window: target window already closed
from unknown error: web view not found
  (Session info: chrome=139.0.7258.138)
Stacktrace:
0   chromedriver                        0x000000010340cc20 cxxbridge1$str$ptr + 2747652
1   chromedriver                        0x0000000103404b20 cxxbridge1$str$ptr + 2714628
2   chromedriver                        0x0000000102f4d0c8 cxxbridge1$string$len + 90536
3   chromedriver                        0x0000000102f26ea0 chromedriver + 143008
4   chromedriver                        0x0000000102fbc6f4 cxxbridge1$string$len + 546772
5   chromedriver                        0x0000000102fd54fc cxxbridge1$string$len + 648668
6   chromedriver                        0x0000000102f88934 cxxbridge1$string$len + 334356
7   chromedriver                        0x00000001033cf88c cxxbridge1$str$ptr + 2496880
8   chromedriver                        0x00000001033d2ab8 cxxbridge1$str$ptr + 2509724
9   chromedriver                        0x00000001033b0510 cxxbridge1$str$ptr + 2369012
10  chromedriver                        0x00000001033d3360 cxxbridge1$str$ptr + 2511940
11  chromedriver                        0x00000001033a1610 cxxbridge1$str$ptr + 2307828
12  chromedriver                        0x00000001033f3230 cxxbridge1$str$ptr + 2642708
13  chromedriver                        0x00000001033f33bc cxxbridge1$str$ptr + 2643104
14  chromedriver                        0x000000010340476c cxxbridge1$str$ptr + 2713680
15  libsystem_pthread.dylib             0x000000019b82f2e4 _pthread_start + 136
16  libsystem_pthread.dylib             0x000000019b82a0fc thread_start + 8

2025-08-25 22:26:02 - naver_blog_automation - ERROR - 모든 로그인 시도 실패
2025-08-25 22:27:48 - naver_blog_automation - INFO - 네이버 블로그 자동화 프로그램 시작
2025-08-25 22:28:00 - naver_blog_automation - INFO - Chrome 드라이버가 성공적으로 설정되었습니다.
2025-08-25 22:28:00 - naver_blog_automation - INFO - 로그인 시도 1/2
2025-08-25 22:28:00 - naver_blog_automation - INFO - 직접 타이핑을 통한 로그인 시도...
2025-08-25 22:28:11 - naver_blog_automation - INFO - 로그인 버튼을 클릭했습니다.
2025-08-25 22:28:11 - naver_blog_automation - INFO - 로그인 결과를 확인하는 중...
2025-08-25 22:28:42 - naver_blog_automation - ERROR - 로그인 결과 확인 시간 초과
2025-08-25 22:28:42 - naver_blog_automation - WARNING - 로그인 시도 1 실패
2025-08-25 22:28:46 - naver_blog_automation - INFO - 로그인 시도 2/2
2025-08-25 22:28:46 - naver_blog_automation - INFO - 직접 타이핑을 통한 로그인 시도...
2025-08-25 22:28:56 - naver_blog_automation - ERROR - 직접 타이핑 로그인 실패: Message: stale element reference: stale element not found
  (Session info: chrome=139.0.7258.138); For documentation on this error, please visit: https://www.selenium.dev/documentation/webdriver/troubleshooting/errors#stale-element-reference-exception
Stacktrace:
0   chromedriver                        0x0000000104e68c20 cxxbridge1$str$ptr + 2747652
1   chromedriver                        0x0000000104e60b20 cxxbridge1$str$ptr + 2714628
2   chromedriver                        0x00000001049a90c8 cxxbridge1$string$len + 90536
3   chromedriver                        0x00000001049b9b00 cxxbridge1$string$len + 158688
4   chromedriver                        0x00000001049b8bdc cxxbridge1$string$len + 154812
5   chromedriver                        0x00000001049af650 cxxbridge1$string$len + 116528
6   chromedriver                        0x00000001049ade38 cxxbridge1$string$len + 110360
7   chromedriver                        0x00000001049b10c4 cxxbridge1$string$len + 123300
8   chromedriver                        0x00000001049b116c cxxbridge1$string$len + 123468
9   chromedriver                        0x00000001049f1fc0 cxxbridge1$string$len + 389280
10  chromedriver                        0x00000001049e63cc cxxbridge1$string$len + 341164
11  chromedriver                        0x00000001049e5ee4 cxxbridge1$string$len + 339908
12  chromedriver                        0x0000000104a3199c cxxbridge1$string$len + 649852
13  chromedriver                        0x00000001049e4934 cxxbridge1$string$len + 334356
14  chromedriver                        0x0000000104e2b88c cxxbridge1$str$ptr + 2496880
15  chromedriver                        0x0000000104e2eab8 cxxbridge1$str$ptr + 2509724
16  chromedriver                        0x0000000104e0c510 cxxbridge1$str$ptr + 2369012
17  chromedriver                        0x0000000104e2f360 cxxbridge1$str$ptr + 2511940
18  chromedriver                        0x0000000104dfd610 cxxbridge1$str$ptr + 2307828
19  chromedriver                        0x0000000104e4f230 cxxbridge1$str$ptr + 2642708
20  chromedriver                        0x0000000104e4f3bc cxxbridge1$str$ptr + 2643104
21  chromedriver                        0x0000000104e6076c cxxbridge1$str$ptr + 2713680
22  libsystem_pthread.dylib             0x000000019b82f2e4 _pthread_start + 136
23  libsystem_pthread.dylib             0x000000019b82a0fc thread_start + 8

2025-08-25 22:28:56 - naver_blog_automation - ERROR - 모든 로그인 시도 실패
2025-08-25 22:29:02 - naver_blog_automation - INFO - Chrome 드라이버가 성공적으로 설정되었습니다.
2025-08-25 22:29:02 - naver_blog_automation - INFO - 로그인 시도 1/2
2025-08-25 22:29:02 - naver_blog_automation - INFO - 직접 타이핑을 통한 로그인 시도...
2025-08-25 22:29:13 - naver_blog_automation - INFO - 로그인 버튼을 클릭했습니다.
2025-08-25 22:29:13 - naver_blog_automation - INFO - 로그인 결과를 확인하는 중...
2025-08-25 22:29:34 - naver_blog_automation - INFO - 로그인 성공!
2025-08-25 22:29:34 - naver_blog_automation - INFO - 네이버 로그인 완료
2025-08-25 22:29:44 - naver_blog_automation - INFO - Chrome 드라이버가 성공적으로 설정되었습니다.
2025-08-25 22:29:44 - naver_blog_automation - INFO - 로그인 시도 1/2
2025-08-25 22:29:44 - naver_blog_automation - INFO - 직접 타이핑을 통한 로그인 시도...
2025-08-25 22:29:57 - naver_blog_automation - INFO - 로그인 버튼을 클릭했습니다.
2025-08-25 22:29:57 - naver_blog_automation - INFO - 로그인 결과를 확인하는 중...
2025-08-25 22:30:05 - naver_blog_automation - ERROR - 로그인 결과 확인 실패: argument of type 'NoneType' is not iterable
2025-08-25 22:30:05 - naver_blog_automation - WARNING - 로그인 시도 1 실패
2025-08-25 22:30:12 - naver_blog_automation - INFO - 네이버 블로그 자동화 프로그램 시작
2025-08-25 22:30:21 - naver_blog_automation - INFO - Chrome 드라이버가 성공적으로 설정되었습니다.
2025-08-25 22:30:21 - naver_blog_automation - INFO - 로그인 시도 1/2
2025-08-25 22:30:21 - naver_blog_automation - INFO - 직접 타이핑을 통한 로그인 시도...
2025-08-25 22:30:31 - naver_blog_automation - INFO - 로그인 버튼을 클릭했습니다.
2025-08-25 22:30:31 - naver_blog_automation - INFO - 로그인 결과를 확인하는 중...
2025-08-25 22:30:32 - naver_blog_automation - INFO - 로그인 성공!
2025-08-25 22:30:32 - naver_blog_automation - INFO - 네이버 로그인 완료
2025-08-25 22:33:52 - naver_blog_automation - INFO - 네이버 블로그 자동화 프로그램 시작
2025-08-25 22:34:11 - naver_blog_automation - INFO - Chrome 드라이버가 성공적으로 설정되었습니다.
2025-08-25 22:34:11 - naver_blog_automation - INFO - 로그인 시도 1/2
2025-08-25 22:34:11 - naver_blog_automation - INFO - 직접 타이핑을 통한 로그인 시도...
2025-08-25 22:34:20 - naver_blog_automation - INFO - 로그인 버튼을 클릭했습니다.
2025-08-25 22:34:20 - naver_blog_automation - INFO - 로그인 결과를 확인하는 중...
2025-08-25 22:34:21 - naver_blog_automation - INFO - 로그인 성공!
2025-08-25 22:34:21 - naver_blog_automation - INFO - 네이버 로그인 완료
2025-08-25 22:34:21 - naver_blog_automation - INFO - 네이버 블로그 페이지로 이동: https://section.blog.naver.com/BlogHome.naver?directoryNo=0&currentPage=1&groupId=0
2025-08-25 22:34:28 - naver_blog_automation - INFO - 키워드 검색: 철산
2025-08-25 22:34:54 - naver_blog_automation - INFO - 검색창 발견: input[type='text']
2025-08-25 22:34:56 - naver_blog_automation - INFO - 키워드 '철산' 검색 완료
2025-08-25 22:37:49 - naver_blog_automation - INFO - 네이버 블로그 자동화 프로그램 시작
2025-08-25 22:38:01 - naver_blog_automation - INFO - Chrome 드라이버가 성공적으로 설정되었습니다.
2025-08-25 22:38:01 - naver_blog_automation - INFO - 로그인 시도 1/2
2025-08-25 22:38:01 - naver_blog_automation - INFO - 직접 타이핑을 통한 로그인 시도...
2025-08-25 22:38:11 - naver_blog_automation - INFO - 로그인 버튼을 클릭했습니다.
2025-08-25 22:38:11 - naver_blog_automation - INFO - 로그인 결과를 확인하는 중...
2025-08-25 22:38:13 - naver_blog_automation - INFO - 로그인 성공!
2025-08-25 22:38:13 - naver_blog_automation - INFO - 네이버 로그인 완료
2025-08-25 22:38:13 - naver_blog_automation - INFO - 네이버 블로그 페이지로 이동: https://section.blog.naver.com/BlogHome.naver?directoryNo=0&currentPage=1&groupId=0
2025-08-25 22:38:16 - naver_blog_automation - INFO - 키워드 검색: ㅇㅇ
2025-08-25 22:38:18 - naver_blog_automation - INFO - 키워드 'ㅇㅇ' 검색 완료
2025-08-25 22:39:05 - naver_blog_automation - INFO - 네이버 블로그 자동화 프로그램 시작
2025-08-25 22:39:16 - naver_blog_automation - INFO - Chrome 드라이버가 성공적으로 설정되었습니다.
2025-08-25 22:39:16 - naver_blog_automation - INFO - 로그인 시도 1/2
2025-08-25 22:39:16 - naver_blog_automation - INFO - 직접 타이핑을 통한 로그인 시도...
2025-08-25 22:39:25 - naver_blog_automation - INFO - 로그인 버튼을 클릭했습니다.
2025-08-25 22:39:25 - naver_blog_automation - INFO - 로그인 결과를 확인하는 중...
2025-08-25 22:39:26 - naver_blog_automation - INFO - 로그인 성공!
2025-08-25 22:39:26 - naver_blog_automation - INFO - 네이버 로그인 완료
